{"message":"[mb:2525] mountebank v2.4.0 now taking orders - point your browser to http://localhost:2525/ for help","level":"info","timestamp":"2021-09-21T18:12:57.092Z"}
{"message":"[mb:2525] DELETE /imposters","level":"info","timestamp":"2021-09-21T18:18:22.801Z"}
{"message":"[mb:2525] GET /images/book.jpg","level":"info","timestamp":"2021-09-21T18:18:30.257Z"}
{"message":"[mb:2525] GET /images/book.jpg","level":"info","timestamp":"2021-09-21T18:18:34.285Z"}
{"message":"[mb:2525] POST /imposters","level":"info","timestamp":"2021-09-21T18:18:43.494Z"}
{"message":"[http:4545 BarclaysApi] Open for business...","level":"info","timestamp":"2021-09-21T18:18:43.524Z"}
{"message":"[mb:2525] GET /images/book.jpg","level":"info","timestamp":"2021-09-21T18:18:47.473Z"}
{"message":"[http:4545 BarclaysApi] ::1:63166 transmission error X=> {\"bytesParsed\":0,\"code\":\"HPE_INVALID_METHOD\",\"reason\":\"Invalid method encountered\",\"rawPacket\":{\"type\":\"Buffer\",\"data\":[22,3,3,0,198,1,0,0,194,3,3,97,74,34,72,62,9,106,221,232,39,219,34,77,80,39,241,86,31,51,6,62,46,126,32,236,122,99,2,159,75,220,123,32,124,25,0,0,130,185,49,57,157,59,185,185,200,90,59,192,196,62,108,181,193,95,38,47,205,209,167,48,47,53,0,253,0,42,192,44,192,43,192,48,192,47,0,159,0,158,192,36,192,35,192,40,192,39,192,10,192,9,192,20,192,19,0,157,0,156,0,61,0,60,0,53,0,47,0,10,1,0,0,79,0,0,0,14,0,12,0,0,9,108,111,99,97,108,104,111,115,116,0,10,0,8,0,6,0,29,0,23,0,24,0,11,0,2,1,0,0,13,0,26,0,24,8,4,8,5,8,6,4,1,5,1,2,1,4,3,5,3,2,3,2,2,6,1,6,3,0,35,0,0,0,23,0,0,255,1,0,1,0]}}","level":"error","timestamp":"2021-09-21T18:19:52.004Z"}
{"message":"[mb:2525] GET /images/book.jpg","level":"info","timestamp":"2021-09-21T18:20:19.493Z"}
{"message":"[mb:2525] DELETE /imposters","level":"info","timestamp":"2021-09-21T18:39:45.171Z"}
{"message":"[http:4545 BarclaysApi] Ciao for now","level":"info","timestamp":"2021-09-21T18:39:45.173Z"}
{"message":"[mb:2525] POST /imposters","level":"info","timestamp":"2021-09-21T18:39:45.234Z"}
{"message":"[http:4545 BarclaysApi] Open for business...","level":"info","timestamp":"2021-09-21T18:39:45.237Z"}
{"message":"[http:4545 BarclaysApi] ::1:54158 transmission error X=> {\"bytesParsed\":0,\"code\":\"HPE_INVALID_METHOD\",\"reason\":\"Invalid method encountered\",\"rawPacket\":{\"type\":\"Buffer\",\"data\":[22,3,3,0,198,1,0,0,194,3,3,97,74,39,2,193,128,49,220,197,23,111,39,149,178,99,203,176,91,249,175,208,160,81,117,124,81,208,75,144,214,97,90,32,5,51,0,0,27,111,209,142,40,101,181,43,229,125,203,106,118,197,191,45,73,12,75,204,104,173,109,9,234,8,49,183,0,42,192,44,192,43,192,48,192,47,0,159,0,158,192,36,192,35,192,40,192,39,192,10,192,9,192,20,192,19,0,157,0,156,0,61,0,60,0,53,0,47,0,10,1,0,0,79,0,0,0,14,0,12,0,0,9,108,111,99,97,108,104,111,115,116,0,10,0,8,0,6,0,29,0,23,0,24,0,11,0,2,1,0,0,13,0,26,0,24,8,4,8,5,8,6,4,1,5,1,2,1,4,3,5,3,2,3,2,2,6,1,6,3,0,35,0,0,0,23,0,0,255,1,0,1,0]}}","level":"error","timestamp":"2021-09-21T18:40:02.017Z"}
{"message":"[mb:2525] GET /images/book.jpg","level":"info","timestamp":"2021-09-21T18:40:19.187Z"}
{"message":"[mb:2525] DELETE /imposters","level":"info","timestamp":"2021-09-21T18:41:02.047Z"}
{"message":"[http:4545 BarclaysApi] Ciao for now","level":"info","timestamp":"2021-09-21T18:41:02.048Z"}
{"message":"[mb:2525] POST /imposters","level":"info","timestamp":"2021-09-21T18:41:02.107Z"}
{"message":"[http:4545 BarclaysApi] Open for business...","level":"info","timestamp":"2021-09-21T18:41:02.112Z"}
{"message":"[http:4545 BarclaysApi] ::1:54341 transmission error X=> {\"bytesParsed\":0,\"code\":\"HPE_INVALID_METHOD\",\"reason\":\"Invalid method encountered\",\"rawPacket\":{\"type\":\"Buffer\",\"data\":[22,3,3,0,198,1,0,0,194,3,3,97,74,39,105,51,166,155,238,120,253,124,158,39,191,137,77,30,109,125,113,207,94,98,61,2,86,122,178,252,242,226,153,32,5,45,0,0,168,209,223,238,83,129,6,26,248,122,77,101,172,27,112,187,28,156,28,105,143,214,204,90,2,189,45,91,0,42,192,44,192,43,192,48,192,47,0,159,0,158,192,36,192,35,192,40,192,39,192,10,192,9,192,20,192,19,0,157,0,156,0,61,0,60,0,53,0,47,0,10,1,0,0,79,0,0,0,14,0,12,0,0,9,108,111,99,97,108,104,111,115,116,0,10,0,8,0,6,0,29,0,23,0,24,0,11,0,2,1,0,0,13,0,26,0,24,8,4,8,5,8,6,4,1,5,1,2,1,4,3,5,3,2,3,2,2,6,1,6,3,0,35,0,0,0,23,0,0,255,1,0,1,0]}}","level":"error","timestamp":"2021-09-21T18:41:45.035Z"}
{"message":"[mb:2525] DELETE /imposters","level":"info","timestamp":"2021-09-21T18:44:05.300Z"}
{"message":"[http:4545 BarclaysApi] Ciao for now","level":"info","timestamp":"2021-09-21T18:44:05.301Z"}
{"message":"[mb:2525] POST /imposters","level":"info","timestamp":"2021-09-21T18:44:05.364Z"}
{"message":"[http:4545 BarclaysApi] Open for business...","level":"info","timestamp":"2021-09-21T18:44:05.367Z"}
{"message":"[mb:2525] DELETE /imposters","level":"info","timestamp":"2021-09-21T18:55:22.329Z"}
{"message":"[http:4545 BarclaysApi] Ciao for now","level":"info","timestamp":"2021-09-21T18:55:22.331Z"}
{"message":"[mb:2525] POST /imposters","level":"info","timestamp":"2021-09-21T18:55:22.416Z"}
{"message":"[http:4545 BarclaysApi] Open for business...","level":"info","timestamp":"2021-09-21T18:55:22.420Z"}
{"message":"[http:4545 BarclaysApi] ::1:58031 transmission error X=> {\"bytesParsed\":0,\"code\":\"HPE_INVALID_METHOD\",\"reason\":\"Invalid method encountered\",\"rawPacket\":{\"type\":\"Buffer\",\"data\":[22,3,3,0,198,1,0,0,194,3,3,97,74,42,164,234,240,112,143,171,5,244,134,5,107,57,55,126,37,67,105,0,45,136,221,69,201,237,34,227,118,104,124,32,75,18,0,0,233,26,212,37,69,204,48,218,137,253,211,224,13,233,223,68,2,94,5,223,73,115,26,29,237,126,61,39,0,42,192,44,192,43,192,48,192,47,0,159,0,158,192,36,192,35,192,40,192,39,192,10,192,9,192,20,192,19,0,157,0,156,0,61,0,60,0,53,0,47,0,10,1,0,0,79,0,0,0,14,0,12,0,0,9,108,111,99,97,108,104,111,115,116,0,10,0,8,0,6,0,29,0,23,0,24,0,11,0,2,1,0,0,13,0,26,0,24,8,4,8,5,8,6,4,1,5,1,2,1,4,3,5,3,2,3,2,2,6,1,6,3,0,35,0,0,0,23,0,0,255,1,0,1,0]}}","level":"error","timestamp":"2021-09-21T18:55:32.469Z"}
